
Time: Wed Feb 04 2026 19:38:50 GMT+0530 (India Standard Time)
CPU: 11th Gen Intel(R) Core(TM) i3-1115G4 @ 3.00GHz
Memory: 7975.3046875 MB
Platform: win32
-------------------------

Time: Wed Feb 04 2026 19:38:55 GMT+0530 (India Standard Time)
CPU: 11th Gen Intel(R) Core(TM) i3-1115G4 @ 3.00GHz
Memory: 7975.3046875 MB
Platform: win32
-------------------------

Time: Wed Feb 04 2026 19:39:00 GMT+0530 (India Standard Time)
CPU: 11th Gen Intel(R) Core(TM) i3-1115G4 @ 3.00GHz
Memory: 7975.3046875 MB
Platform: win32
-------------------------

Time: Wed Feb 04 2026 19:39:05 GMT+0530 (India Standard Time)
CPU: 11th Gen Intel(R) Core(TM) i3-1115G4 @ 3.00GHz
Memory: 7975.3046875 MB
Platform: win32
-------------------------

Time: Wed Feb 04 2026 19:39:10 GMT+0530 (India Standard Time)
CPU: 11th Gen Intel(R) Core(TM) i3-1115G4 @ 3.00GHz
Memory: 7975.3046875 MB
Platform: win32
-------------------------

Time: Wed Feb 04 2026 19:39:15 GMT+0530 (India Standard Time)
CPU: 11th Gen Intel(R) Core(TM) i3-1115G4 @ 3.00GHz
Memory: 7975.3046875 MB
Platform: win32
-------------------------
